<?xml version="1.0" encoding="UTF-8"?>
<!-- Generated by org.testng.reporters.JUnitReportReporter -->
<testsuite skipped="0" hostname="Radhey" name="com.all_login.Login_all" tests="1" failures="0" timestamp="03 Jun 2023 08:19:36 GMT" time="0.021" errors="0">
  <testcase name="Login_page" time="0.021" classname="com.all_login.Login_all"/>
</testsuite> <!-- com.all_login.Login_all -->
