<?xml version="1.0" encoding="UTF-8"?>
<!-- Generated by org.testng.reporters.JUnitReportReporter -->
<testsuite skipped="0" hostname="Radhey" name="com.all_login.Login_for_all" tests="3" failures="0" timestamp="03 Jun 2023 11:59:22 GMT" time="1.768" errors="0">
  <testcase name="LoginToPage" time="1.363" classname="com.all_login.Login_for_all"/>
  <testcase name="Dash" time="0.081" classname="com.all_login.Login_for_all"/>
  <testcase name="use_rform" time="0.324" classname="com.all_login.Login_for_all"/>
</testsuite> <!-- com.all_login.Login_for_all -->
